<?xml version="1.0" encoding="UTF-8"?>
<testsuite name="com.yyamoryk.blogspaces.BlogspacesApplicationTests" tests="1" skipped="0" failures="0" errors="0" timestamp="2021-09-04T19:31:00" hostname="Macs-MacBook-Pro.local" time="0.421">
  <properties/>
  <testcase name="contextLoads()" classname="com.yyamoryk.blogspaces.BlogspacesApplicationTests" time="0.421"/>
  <system-out><![CDATA[12:30:51.144 [Test worker] DEBUG org.springframework.test.context.BootstrapUtils - Instantiating CacheAwareContextLoaderDelegate from class [org.springframework.test.context.cache.DefaultCacheAwareContextLoaderDelegate]
12:30:51.158 [Test worker] DEBUG org.springframework.test.context.BootstrapUtils - Instantiating BootstrapContext using constructor [public org.springframework.test.context.support.DefaultBootstrapContext(java.lang.Class,org.springframework.test.context.CacheAwareContextLoaderDelegate)]
12:30:51.217 [Test worker] DEBUG org.springframework.test.context.BootstrapUtils - Instantiating TestContextBootstrapper for test class [com.yyamoryk.blogspaces.BlogspacesApplicationTests] from class [org.springframework.boot.test.context.SpringBootTestContextBootstrapper]
12:30:51.231 [Test worker] INFO org.springframework.boot.test.context.SpringBootTestContextBootstrapper - Neither @ContextConfiguration nor @ContextHierarchy found for test class [com.yyamoryk.blogspaces.BlogspacesApplicationTests], using SpringBootContextLoader
12:30:51.234 [Test worker] DEBUG org.springframework.test.context.support.AbstractContextLoader - Did not detect default resource location for test class [com.yyamoryk.blogspaces.BlogspacesApplicationTests]: class path resource [com/yyamoryk/blogspaces/BlogspacesApplicationTests-context.xml] does not exist
12:30:51.236 [Test worker] DEBUG org.springframework.test.context.support.AbstractContextLoader - Did not detect default resource location for test class [com.yyamoryk.blogspaces.BlogspacesApplicationTests]: class path resource [com/yyamoryk/blogspaces/BlogspacesApplicationTestsContext.groovy] does not exist
12:30:51.236 [Test worker] INFO org.springframework.test.context.support.AbstractContextLoader - Could not detect default resource locations for test class [com.yyamoryk.blogspaces.BlogspacesApplicationTests]: no resource found for suffixes {-context.xml, Context.groovy}.
12:30:51.237 [Test worker] INFO org.springframework.test.context.support.AnnotationConfigContextLoaderUtils - Could not detect default configuration classes for test class [com.yyamoryk.blogspaces.BlogspacesApplicationTests]: BlogspacesApplicationTests does not declare any static, non-private, non-final, nested classes annotated with @Configuration.
12:30:51.307 [Test worker] DEBUG org.springframework.test.context.support.ActiveProfilesUtils - Could not find an 'annotation declaring class' for annotation type [org.springframework.test.context.ActiveProfiles] and class [com.yyamoryk.blogspaces.BlogspacesApplicationTests]
12:30:51.398 [Test worker] DEBUG org.springframework.context.annotation.ClassPathScanningCandidateComponentProvider - Identified candidate component class: file [/Users/yury/Projects/blogspaces/build/classes/java/main/com/yyamoryk/blogspaces/BlogspacesApplication.class]
12:30:51.400 [Test worker] INFO org.springframework.boot.test.context.SpringBootTestContextBootstrapper - Found @SpringBootConfiguration com.yyamoryk.blogspaces.BlogspacesApplication for test class com.yyamoryk.blogspaces.BlogspacesApplicationTests
12:30:51.516 [Test worker] DEBUG org.springframework.boot.test.context.SpringBootTestContextBootstrapper - @TestExecutionListeners is not present for class [com.yyamoryk.blogspaces.BlogspacesApplicationTests]: using defaults.
12:30:51.518 [Test worker] INFO org.springframework.boot.test.context.SpringBootTestContextBootstrapper - Loaded default TestExecutionListener class names from location [META-INF/spring.factories]: [org.springframework.boot.test.autoconfigure.restdocs.RestDocsTestExecutionListener, org.springframework.boot.test.autoconfigure.web.client.MockRestServiceServerResetTestExecutionListener, org.springframework.boot.test.autoconfigure.web.servlet.MockMvcPrintOnlyOnFailureTestExecutionListener, org.springframework.boot.test.autoconfigure.web.servlet.WebDriverTestExecutionListener, org.springframework.boot.test.autoconfigure.webservices.client.MockWebServiceServerTestExecutionListener, org.springframework.boot.test.mock.mockito.MockitoTestExecutionListener, org.springframework.boot.test.mock.mockito.ResetMocksTestExecutionListener, org.springframework.test.context.web.ServletTestExecutionListener, org.springframework.test.context.support.DirtiesContextBeforeModesTestExecutionListener, org.springframework.test.context.event.ApplicationEventsTestExecutionListener, org.springframework.test.context.support.DependencyInjectionTestExecutionListener, org.springframework.test.context.support.DirtiesContextTestExecutionListener, org.springframework.test.context.transaction.TransactionalTestExecutionListener, org.springframework.test.context.jdbc.SqlScriptsTestExecutionListener, org.springframework.test.context.event.EventPublishingTestExecutionListener]
12:30:51.529 [Test worker] INFO org.springframework.boot.test.context.SpringBootTestContextBootstrapper - Using TestExecutionListeners: [org.springframework.test.context.web.ServletTestExecutionListener@505d9dce, org.springframework.test.context.support.DirtiesContextBeforeModesTestExecutionListener@1304c5c8, org.springframework.test.context.event.ApplicationEventsTestExecutionListener@30bccf56, org.springframework.boot.test.mock.mockito.MockitoTestExecutionListener@7b79de34, org.springframework.boot.test.autoconfigure.SpringBootDependencyInjectionTestExecutionListener@47f68f78, org.springframework.test.context.support.DirtiesContextTestExecutionListener@72e928cb, org.springframework.test.context.transaction.TransactionalTestExecutionListener@24799fbf, org.springframework.test.context.jdbc.SqlScriptsTestExecutionListener@11446d7a, org.springframework.test.context.event.EventPublishingTestExecutionListener@623abd65, org.springframework.boot.test.autoconfigure.restdocs.RestDocsTestExecutionListener@59ae6e99, org.springframework.boot.test.autoconfigure.web.client.MockRestServiceServerResetTestExecutionListener@31c28674, org.springframework.boot.test.autoconfigure.web.servlet.MockMvcPrintOnlyOnFailureTestExecutionListener@35f028b, org.springframework.boot.test.autoconfigure.web.servlet.WebDriverTestExecutionListener@34394610, org.springframework.boot.test.autoconfigure.webservices.client.MockWebServiceServerTestExecutionListener@1ec92ca8, org.springframework.boot.test.mock.mockito.ResetMocksTestExecutionListener@3b9de823]
12:30:51.532 [Test worker] DEBUG org.springframework.test.context.support.AbstractDirtiesContextTestExecutionListener - Before test class: context [DefaultTestContext@120d6ca1 testClass = BlogspacesApplicationTests, testInstance = [null], testMethod = [null], testException = [null], mergedContextConfiguration = [WebMergedContextConfiguration@6c78cd35 testClass = BlogspacesApplicationTests, locations = '{}', classes = '{class com.yyamoryk.blogspaces.BlogspacesApplication}', contextInitializerClasses = '[]', activeProfiles = '{}', propertySourceLocations = '{}', propertySourceProperties = '{org.springframework.boot.test.context.SpringBootTestContextBootstrapper=true}', contextCustomizers = set[org.springframework.boot.test.autoconfigure.actuate.metrics.MetricsExportContextCustomizerFactory$DisableMetricExportContextCustomizer@3a5b9809, org.springframework.boot.test.autoconfigure.properties.PropertyMappingContextCustomizer@0, org.springframework.boot.test.autoconfigure.web.servlet.WebDriverContextCustomizerFactory$Customizer@2cce6d1, org.springframework.boot.test.context.filter.ExcludeFilterContextCustomizer@3f4273de, org.springframework.boot.test.json.DuplicateJsonObjectContextCustomizerFactory$DuplicateJsonObjectContextCustomizer@6cdb7075, org.springframework.boot.test.mock.mockito.MockitoContextCustomizer@0, org.springframework.boot.test.web.client.TestRestTemplateContextCustomizer@77bf4673, org.springframework.boot.test.web.reactive.server.WebTestClientContextCustomizer@5e2c76e5, org.springframework.boot.test.context.SpringBootTestArgs@1, org.springframework.boot.test.context.SpringBootTestWebEnvironment@5eb11fb], resourceBasePath = 'src/main/webapp', contextLoader = 'org.springframework.boot.test.context.SpringBootContextLoader', parent = [null]], attributes = map['org.springframework.test.context.web.ServletTestExecutionListener.activateListener' -> true]], class annotated with @DirtiesContext [false] with mode [null].
12:30:51.617 [Test worker] DEBUG org.springframework.test.context.support.TestPropertySourceUtils - Adding inlined properties to environment: {spring.jmx.enabled=false, org.springframework.boot.test.context.SpringBootTestContextBootstrapper=true}

  .   ____          _            __ _ _
 /\\ / ___'_ __ _ _(_)_ __  __ _ \ \ \ \
( ( )\___ | '_ | '_| | '_ \/ _` | \ \ \ \
 \\/  ___)| |_)| | | | | || (_| |  ) ) ) )
  '  |____| .__|_| |_|_| |_\__, | / / / /
 =========|_|==============|___/=/_/_/_/
 :: Spring Boot ::                (v2.5.4)

2021-09-04 12:30:57.054  INFO 10693 --- [    Test worker] c.y.b.BlogspacesApplicationTests         : Starting BlogspacesApplicationTests using Java 16.0.2 on Macs-MacBook-Pro.local with PID 10693 (started by yury in /Users/yury/Projects/blogspaces)
2021-09-04 12:30:57.058  INFO 10693 --- [    Test worker] c.y.b.BlogspacesApplicationTests         : No active profile set, falling back to default profiles: default
2021-09-04 12:30:58.092  INFO 10693 --- [    Test worker] .s.d.r.c.RepositoryConfigurationDelegate : Bootstrapping Spring Data MongoDB repositories in DEFAULT mode.
2021-09-04 12:30:58.244  INFO 10693 --- [    Test worker] .s.d.r.c.RepositoryConfigurationDelegate : Finished Spring Data repository scanning in 143 ms. Found 1 MongoDB repository interfaces.
2021-09-04 12:30:58.941  INFO 10693 --- [    Test worker] org.mongodb.driver.cluster               : Cluster created with settings {hosts=[localhost:27017], mode=SINGLE, requiredClusterType=UNKNOWN, serverSelectionTimeout='30000 ms'}
2021-09-04 12:30:59.043  INFO 10693 --- [localhost:27017] org.mongodb.driver.connection            : Opened connection [connectionId{localValue:2, serverValue:18}] to localhost:27017
2021-09-04 12:30:59.043  INFO 10693 --- [localhost:27017] org.mongodb.driver.connection            : Opened connection [connectionId{localValue:1, serverValue:17}] to localhost:27017
2021-09-04 12:30:59.048  INFO 10693 --- [localhost:27017] org.mongodb.driver.cluster               : Monitor thread successfully connected to server with description ServerDescription{address=localhost:27017, type=STANDALONE, state=CONNECTED, ok=true, minWireVersion=0, maxWireVersion=9, maxDocumentSize=16777216, logicalSessionTimeoutMinutes=30, roundTripTimeNanos=40200333}
2021-09-04 12:31:00.339  INFO 10693 --- [    Test worker] o.s.b.a.w.s.WelcomePageHandlerMapping    : Adding welcome page: class path resource [static/index.html]
2021-09-04 12:31:00.736  INFO 10693 --- [    Test worker] c.y.b.BlogspacesApplicationTests         : Started BlogspacesApplicationTests in 9.112 seconds (JVM running for 10.649)
]]></system-out>
  <system-err><![CDATA[]]></system-err>
</testsuite>
